<?xml version="1.0" encoding="UTF-8"?>
<!-- Generated by org.testng.reporters.JUnitXMLReporter -->
<testsuite ignored="1" hostname="user1" failures="1" tests="1" name="Default test(failed)(failed)" time="7.852" errors="0" timestamp="2025-04-02T14:53:17 IST">
  <testcase classname="testscripts.BookSearchTest" name="novelStoriesSearch" time="0.117">
    <failure type="java.lang.AssertionError" message="expected [true] but found [false]">
      <![CDATA[java.lang.AssertionError: expected [true] but found [false]
at testscripts.BookSearchTest.novelStoriesSearch(BookSearchTest.java:48)
at java.base/java.util.ArrayList.forEach(ArrayList.java:1511)
... Removed 31 stack frames]]>
    </failure>
  </testcase> <!-- novelStoriesSearch -->
  <testcase classname="testscripts.BookSearchTest" name="crimeThrillerSearch" time="0.0">
    <ignored/>
  </testcase> <!-- crimeThrillerSearch -->
</testsuite> <!-- Default test(failed)(failed) -->
